forward-logs-shared.ts:95 [HMR] connected
react-dom-client.development.js:5530 Uncaught Error: Hydration failed because the server rendered HTML didn't match the client. As a result this tree will be regenerated on the client. This can happen if a SSR-ed Client Component used:

- A server/client branch `if (typeof window !== 'undefined')`.
- Variable input such as `Date.now()` or `Math.random()` which changes each time it's called.
- Date formatting in a user's locale which doesn't match the server.
- External changing data without sending a snapshot of it along with the HTML.
- Invalid HTML tag nesting.

It can also happen if the client has a browser extension installed which messes with the HTML before React loaded.

https://react.dev/link/hydration-mismatch

  ...
    <div className="min-h-scre...">
      <div>
      <div>
      <div className="container ...">
        <motion.div initial={{opacity:0,y:20}} animate={{opacity:1,y:0}} transition={{duration:0.6, ...}}>
          <div style={{opacity:0, ...}} ref={function useMotionRef.useCallback}>
            <div className="max-w-7xl ...">
              <PhotoGallery category="nakibong-k..." title="나기봉.김필자" description="소중한 추억을 함께...">
                <motion.section initial={{opacity:0,y:30}} animate={{opacity:1,y:0}} transition={{duration:0.8}} ...>
                  <section className="relative" style={{opacity:0, ...}} ref={function useMotionRef.useCallback}>
                    <div>
                    <div>
                    <div>
                    <div>
                    <div>
                    <div>
                    <div>
                    <div>
                    <div className="p-8 md:p-1...">
                      <div>
                      <div className="grid grid-...">
                        <GalleryImageCard image={{category:"...", ...}} index={0} onClick={function onClick}>
                          <motion.div ref={{current:null}} initial={{opacity:0,y:30}} animate={{opacity:1,y:0}} ...>
+                           <div
+                             onClick={function onClick}
+                             onMouseMove={function handleMouseMove}
+                             onMouseLeave={function handleMouseLeave}
+                             onMouseEnter={function handleMouseEnter}
+                             className="relative aspect-square rounded-xl overflow-hidden cursor-pointer group"
+                             style={{transform:"translateY...",transition:"transform ...",opacity:0}}
+                             ref={function useMotionRef.useCallback}
+                           >
                ...

    at throwOnHydrationMismatch (react-dom-client.development.js:5530:11)
    at beginWork (react-dom-client.development.js:12385:17)
    at runWithFiberInDEV (react-dom-client.development.js:986:30)
    at performUnitOfWork (react-dom-client.development.js:18997:22)
    at workLoopConcurrentByScheduler (react-dom-client.development.js:18991:9)
    at renderRootConcurrent (react-dom-client.development.js:18973:15)
    at performWorkOnRoot (react-dom-client.development.js:17834:11)
    at performWorkOnRootViaSchedulerTask (react-dom-client.development.js:20384:7)
    at MessagePort.performWorkUntilDeadline (scheduler.development.js:45:48)
throwOnHydrationMismatch @ react-dom-client.development.js:5530
beginWork @ react-dom-client.development.js:12385
runWithFiberInDEV @ react-dom-client.development.js:986
performUnitOfWork @ react-dom-client.development.js:18997
workLoopConcurrentByScheduler @ react-dom-client.development.js:18991
renderRootConcurrent @ react-dom-client.development.js:18973
performWorkOnRoot @ react-dom-client.development.js:17834
performWorkOnRootViaSchedulerTask @ react-dom-client.development.js:20384
performWorkUntilDeadline @ scheduler.development.js:45
<div>
exports.createElement @ react.development.js:1137
useRender @ use-render.mjs:23
MotionDOMComponent @ index.mjs:65
react_stack_bottom_frame @ react-dom-client.development.js:28038
renderWithHooksAgain @ react-dom-client.development.js:8084
renderWithHooks @ react-dom-client.development.js:7996
updateForwardRef @ react-dom-client.development.js:10059
beginWork @ react-dom-client.development.js:12475
runWithFiberInDEV @ react-dom-client.development.js:986
performUnitOfWork @ react-dom-client.development.js:18997
workLoopConcurrentByScheduler @ react-dom-client.development.js:18991
renderRootConcurrent @ react-dom-client.development.js:18973
performWorkOnRoot @ react-dom-client.development.js:17834
performWorkOnRootViaSchedulerTask @ react-dom-client.development.js:20384
performWorkUntilDeadline @ scheduler.development.js:45
<ForwardRef(motion.div)>
exports.jsxDEV @ react-jsx-dev-runtime.development.js:342
GalleryImageCard @ PhotoGallery.tsx:70
react_stack_bottom_frame @ react-dom-client.development.js:28038
renderWithHooksAgain @ react-dom-client.development.js:8084
renderWithHooks @ react-dom-client.development.js:7996
updateFunctionComponent @ react-dom-client.development.js:10501
beginWork @ react-dom-client.development.js:12136
runWithFiberInDEV @ react-dom-client.development.js:986
performUnitOfWork @ react-dom-client.development.js:18997
workLoopConcurrentByScheduler @ react-dom-client.development.js:18991
renderRootConcurrent @ react-dom-client.development.js:18973
performWorkOnRoot @ react-dom-client.development.js:17834
performWorkOnRootViaSchedulerTask @ react-dom-client.development.js:20384
performWorkUntilDeadline @ scheduler.development.js:45
<GalleryImageCard>
exports.jsxDEV @ react-jsx-dev-runtime.development.js:342
(anonymous) @ PhotoGallery.tsx:327
PhotoGallery @ PhotoGallery.tsx:326
react_stack_bottom_frame @ react-dom-client.development.js:28038
renderWithHooksAgain @ react-dom-client.development.js:8084
renderWithHooks @ react-dom-client.development.js:7996
updateFunctionComponent @ react-dom-client.development.js:10501
beginWork @ react-dom-client.development.js:12136
runWithFiberInDEV @ react-dom-client.development.js:986
performUnitOfWork @ react-dom-client.development.js:18997
workLoopConcurrentByScheduler @ react-dom-client.development.js:18991
renderRootConcurrent @ react-dom-client.development.js:18973
performWorkOnRoot @ react-dom-client.development.js:17834
performWorkOnRootViaSchedulerTask @ react-dom-client.development.js:20384
performWorkUntilDeadline @ scheduler.development.js:45
<PhotoGallery>
exports.jsxDEV @ react-jsx-dev-runtime.development.js:342
PhotoPage @ page.tsx:91
react_stack_bottom_frame @ react-dom-client.development.js:28038
renderWithHooksAgain @ react-dom-client.development.js:8084
renderWithHooks @ react-dom-client.development.js:7996
updateFunctionComponent @ react-dom-client.development.js:10501
beginWork @ react-dom-client.development.js:12136
runWithFiberInDEV @ react-dom-client.development.js:986
performUnitOfWork @ react-dom-client.development.js:18997
workLoopConcurrentByScheduler @ react-dom-client.development.js:18991
renderRootConcurrent @ react-dom-client.development.js:18973
performWorkOnRoot @ react-dom-client.development.js:17834
performWorkOnRootViaSchedulerTask @ react-dom-client.development.js:20384
performWorkUntilDeadline @ scheduler.development.js:45
<PhotoPage>
exports.jsx @ react-jsx-runtime.development.js:342
ClientPageRoot @ client-page.tsx:83
react_stack_bottom_frame @ react-dom-client.development.js:28038
renderWithHooksAgain @ react-dom-client.development.js:8084
renderWithHooks @ react-dom-client.development.js:7996
updateFunctionComponent @ react-dom-client.development.js:10501
beginWork @ react-dom-client.development.js:12085
runWithFiberInDEV @ react-dom-client.development.js:986
performUnitOfWork @ react-dom-client.development.js:18997
workLoopConcurrentByScheduler @ react-dom-client.development.js:18991
renderRootConcurrent @ react-dom-client.development.js:18973
performWorkOnRoot @ react-dom-client.development.js:17834
performWorkOnRootViaSchedulerTask @ react-dom-client.development.js:20384
performWorkUntilDeadline @ scheduler.development.js:45
"use client"
Function.all @ VM684 <anonymous>:1
Function.all @ VM684 <anonymous>:1
Function.all @ VM684 <anonymous>:1
initializeElement @ react-server-dom-turbopack-client.browser.development.js:1932
(anonymous) @ react-server-dom-turbopack-client.browser.development.js:4605
initializeModelChunk @ react-server-dom-turbopack-client.browser.development.js:1820
resolveModelChunk @ react-server-dom-turbopack-client.browser.development.js:1664
processFullStringRow @ react-server-dom-turbopack-client.browser.development.js:4425
processFullBinaryRow @ react-server-dom-turbopack-client.browser.development.js:4283
processBinaryChunk @ react-server-dom-turbopack-client.browser.development.js:4506
progress @ react-server-dom-turbopack-client.browser.development.js:4780
"use server"
ResponseInstance @ react-server-dom-turbopack-client.browser.development.js:2767
createResponseFromOptions @ react-server-dom-turbopack-client.browser.development.js:4641
exports.createFromReadableStream @ react-server-dom-turbopack-client.browser.development.js:5045
module evaluation @ app-index.tsx:211
(anonymous) @ dev-base.ts:244
runModuleExecutionHooks @ dev-base.ts:278
instantiateModule @ dev-base.ts:238
getOrInstantiateModuleFromParent @ dev-base.ts:162
commonJsRequire @ runtime-utils.ts:389
(anonymous) @ app-next-turbopack.ts:11
(anonymous) @ app-bootstrap.ts:79
loadScriptsInSequence @ app-bootstrap.ts:23
appBootstrap @ app-bootstrap.ts:61
module evaluation @ app-next-turbopack.ts:10
(anonymous) @ dev-base.ts:244
runModuleExecutionHooks @ dev-base.ts:278
instantiateModule @ dev-base.ts:238
getOrInstantiateRuntimeModule @ dev-base.ts:128
registerChunk @ runtime-backend-dom.ts:57
await in registerChunk
registerChunk @ dev-base.ts:1149
(anonymous) @ dev-backend-dom.ts:126
(anonymous) @ dev-backend-dom.ts:126
